2017-11-06 10:42:25,163 INFO  [Log] **************************************************************************************** 
2017-11-06 10:42:25,163 INFO  [Log] **************************************************************************************** 
2017-11-06 10:42:25,163 INFO  [Log] $$$$$$$$$$$$$$$$$$$$$                 TC_001       $$$$$$$$$$$$$$$$$$$$$$$$$ 
2017-11-06 10:42:25,163 INFO  [Log] **************************************************************************************** 
2017-11-06 10:42:25,163 INFO  [Log] **************************************************************************************** 
2017-11-06 10:42:27,716 INFO  [Log] Abre o browser Chrome 
2017-11-06 10:42:35,848 INFO  [Log] Acessa a URL http://172.16.42.153:8080/push-services-web 
2017-11-06 10:42:37,374 INFO  [Log] Informa o texto operador@scopus.com.br no campo txtbx_Usuario 
2017-11-06 10:42:38,639 INFO  [Log] Informa o texto Scopus no campo txtbx_Senha 
2017-11-27 14:15:44,398 ERROR [Log] Class Utils | Method getRowCount | Exception desc : null 
2017-11-27 14:17:19,660 ERROR [Log] Class Utils | Method getRowCount | Exception desc : null 
2017-11-27 14:18:12,331 ERROR [Log] Class Utils | Method getRowCount | Exception desc : null 
2017-11-27 14:25:14,719 ERROR [Log] Class Utils | Method getRowCount | Exception desc : java.lang.NullPointerException 
2017-11-27 15:02:32,015 ERROR [Log] Class Utils | Method getRowCount | Exception desc : java.lang.NullPointerException 
2017-11-27 15:36:07,466 INFO  [Log] **************************************************************************************** 
2017-11-27 15:36:07,467 INFO  [Log] **************************************************************************************** 
2017-11-27 15:36:07,468 INFO  [Log] $$$$$$$$$$$$$$$$$$$$$                 TC_9999       $$$$$$$$$$$$$$$$$$$$$$$$$ 
2017-11-27 15:36:07,468 INFO  [Log] **************************************************************************************** 
2017-11-27 15:36:07,468 INFO  [Log] **************************************************************************************** 
2017-11-27 15:36:10,923 INFO  [Log] Abre o browser Chrome 
2017-11-27 15:36:22,571 INFO  [Log] Acessa a URL https://outlook.com/ 
2017-11-27 15:36:32,972 ERROR [Log] Não foi possível preencher o campo --- TelaOut_txt_Emailorg.openqa.selenium.NoSuchElementException: no such element: Unable to locate element: {"method":"xpath","selector":"//*[@id="i0281"]/div[1]/div/div[1]/div[2]/div/div/div[2]/div[2]/div/div[2]/div"}
  (Session info: chrome=62.0.3202.94)
  (Driver info: chromedriver=2.33.506120 (e3e53437346286c0bc2d2dc9aa4915ba81d9023f),platform=Windows NT 10.0.10586 x86_64) (WARNING: The server did not provide any stacktrace information)
Command duration or timeout: 10.05 seconds
For documentation on this error, please visit: http://seleniumhq.org/exceptions/no_such_element.html
Build info: version: '3.4.0', revision: 'unknown', time: 'unknown'
System info: host: 'SMGW022', ip: '172.16.146.120', os.name: 'Windows 10', os.arch: 'amd64', os.version: '10.0', java.version: '1.8.0_151'
Driver info: org.openqa.selenium.chrome.ChromeDriver
Capabilities [{applicationCacheEnabled=false, rotatable=false, mobileEmulationEnabled=false, networkConnectionEnabled=false, chrome={chromedriverVersion=2.33.506120 (e3e53437346286c0bc2d2dc9aa4915ba81d9023f), userDataDir=C:\Users\PGUIRE~1\AppData\Local\Temp\scoped_dir7092_1580}, takesHeapSnapshot=true, pageLoadStrategy=normal, databaseEnabled=false, handlesAlerts=true, hasTouchScreen=false, version=62.0.3202.94, platform=XP, browserConnectionEnabled=false, nativeEvents=true, acceptSslCerts=true, locationContextEnabled=true, webStorageEnabled=true, browserName=chrome, takesScreenshot=true, javascriptEnabled=true, cssSelectorsEnabled=true, setWindowRect=true, unexpectedAlertBehaviour=}]
Session ID: fe6cbdc05ba1da7c72c8b76feae0fd30
*** Element info: {Using=xpath, value=//*[@id="i0281"]/div[1]/div/div[1]/div[2]/div/div/div[2]/div[2]/div/div[2]/div} 
2017-11-27 15:36:38,777 INFO  [Log] Fecha o browser 
2017-11-27 15:36:38,818 INFO  [Log] XXXXXXXXXXXXXXXXXXXXXXX             -E---N---D-             XXXXXXXXXXXXXXXXXXXXXX 
2017-11-27 15:36:38,818 INFO  [Log] X 
2017-11-27 15:36:38,818 INFO  [Log] X 
2017-11-27 15:36:38,818 INFO  [Log] X 
2017-11-27 15:36:38,818 INFO  [Log] X 
2017-11-27 16:03:51,696 INFO  [Log] **************************************************************************************** 
2017-11-27 16:03:51,696 INFO  [Log] **************************************************************************************** 
2017-11-27 16:03:51,696 INFO  [Log] $$$$$$$$$$$$$$$$$$$$$                 TC_9999       $$$$$$$$$$$$$$$$$$$$$$$$$ 
2017-11-27 16:03:51,696 INFO  [Log] **************************************************************************************** 
2017-11-27 16:03:51,696 INFO  [Log] **************************************************************************************** 
2017-11-27 16:03:54,274 INFO  [Log] Abre o browser Chrome 
2017-11-27 16:04:15,150 INFO  [Log] Acessa a URL https://outlook.com/ 
2017-11-27 16:04:25,403 ERROR [Log] Não foi possível preencher o campo --- TelaOut_txt_Emailorg.openqa.selenium.NoSuchElementException: no such element: Unable to locate element: {"method":"xpath","selector":"//*[@id="i0281"]/div[1]/div/div[1]/div[2]/div/div/div[2]/div[2]/div/div[2]/div"}
  (Session info: chrome=62.0.3202.94)
  (Driver info: chromedriver=2.33.506120 (e3e53437346286c0bc2d2dc9aa4915ba81d9023f),platform=Windows NT 10.0.10586 x86_64) (WARNING: The server did not provide any stacktrace information)
Command duration or timeout: 10.02 seconds
For documentation on this error, please visit: http://seleniumhq.org/exceptions/no_such_element.html
Build info: version: '3.4.0', revision: 'unknown', time: 'unknown'
System info: host: 'SMGW022', ip: '172.16.146.120', os.name: 'Windows 10', os.arch: 'amd64', os.version: '10.0', java.version: '1.8.0_151'
Driver info: org.openqa.selenium.chrome.ChromeDriver
Capabilities [{applicationCacheEnabled=false, rotatable=false, mobileEmulationEnabled=false, networkConnectionEnabled=false, chrome={chromedriverVersion=2.33.506120 (e3e53437346286c0bc2d2dc9aa4915ba81d9023f), userDataDir=C:\Users\PGUIRE~1\AppData\Local\Temp\scoped_dir10820_8405}, takesHeapSnapshot=true, pageLoadStrategy=normal, databaseEnabled=false, handlesAlerts=true, hasTouchScreen=false, version=62.0.3202.94, platform=XP, browserConnectionEnabled=false, nativeEvents=true, acceptSslCerts=true, locationContextEnabled=true, webStorageEnabled=true, browserName=chrome, takesScreenshot=true, javascriptEnabled=true, cssSelectorsEnabled=true, setWindowRect=true, unexpectedAlertBehaviour=}]
Session ID: 6858efa529b1a02d2293d5a77ee253bb
*** Element info: {Using=xpath, value=//*[@id="i0281"]/div[1]/div/div[1]/div[2]/div/div/div[2]/div[2]/div/div[2]/div} 
2017-11-27 16:04:30,836 INFO  [Log] Fecha o browser 
2017-11-27 16:04:30,867 INFO  [Log] XXXXXXXXXXXXXXXXXXXXXXX             -E---N---D-             XXXXXXXXXXXXXXXXXXXXXX 
2017-11-27 16:04:30,868 INFO  [Log] X 
2017-11-27 16:04:30,868 INFO  [Log] X 
2017-11-27 16:04:30,868 INFO  [Log] X 
2017-11-27 16:04:30,868 INFO  [Log] X 
2017-11-27 16:16:58,764 INFO  [Log] **************************************************************************************** 
2017-11-27 16:16:58,765 INFO  [Log] **************************************************************************************** 
2017-11-27 16:16:58,765 INFO  [Log] $$$$$$$$$$$$$$$$$$$$$                 TC_0002       $$$$$$$$$$$$$$$$$$$$$$$$$ 
2017-11-27 16:16:58,765 INFO  [Log] **************************************************************************************** 
2017-11-27 16:16:58,765 INFO  [Log] **************************************************************************************** 
2017-11-27 16:17:01,381 INFO  [Log] Abre o browser Chrome 
2017-11-27 16:17:17,699 INFO  [Log] Acessa a URL http://hml2.autoline.com.br 
2017-11-27 16:17:26,579 INFO  [Log] Clica no elemento Tela000_btn_Login e aguarda alguns segundos 
2017-11-27 16:17:27,842 INFO  [Log] Informa o texto autolineteste1@gmail.com no campo Tela001_txt_E-mail_CPF 
2017-11-27 16:17:29,061 INFO  [Log] Informa o texto scopus2017 no campo Tela001_txt_Senha 
2017-11-27 16:17:37,528 INFO  [Log] Clica no elemento Tela001_btn_Entrar e aguarda alguns segundos 
2017-11-27 16:17:40,632 INFO  [Log] Clica no elemento Tela004_btn_Usuario e aguarda alguns segundos 
2017-11-27 16:17:50,114 INFO  [Log] Clica no elemento Tela004_btn_Sair e aguarda alguns segundos 
2017-11-27 16:18:01,307 INFO  [Log] Fecha o browser 
2017-11-27 16:18:01,363 INFO  [Log] XXXXXXXXXXXXXXXXXXXXXXX             -E---N---D-             XXXXXXXXXXXXXXXXXXXXXX 
2017-11-27 16:18:01,363 INFO  [Log] X 
2017-11-27 16:18:01,363 INFO  [Log] X 
2017-11-27 16:18:01,363 INFO  [Log] X 
2017-11-27 16:18:01,363 INFO  [Log] X 
2017-11-27 16:18:01,375 INFO  [Log] **************************************************************************************** 
2017-11-27 16:18:01,375 INFO  [Log] **************************************************************************************** 
2017-11-27 16:18:01,375 INFO  [Log] $$$$$$$$$$$$$$$$$$$$$                 TC_0003       $$$$$$$$$$$$$$$$$$$$$$$$$ 
2017-11-27 16:18:01,375 INFO  [Log] **************************************************************************************** 
2017-11-27 16:18:01,375 INFO  [Log] **************************************************************************************** 
2017-11-27 16:18:03,311 INFO  [Log] Abre o browser Chrome 
2017-11-27 16:19:02,284 INFO  [Log] **************************************************************************************** 
2017-11-27 16:19:02,285 INFO  [Log] **************************************************************************************** 
2017-11-27 16:19:02,285 INFO  [Log] $$$$$$$$$$$$$$$$$$$$$                 TC_0002       $$$$$$$$$$$$$$$$$$$$$$$$$ 
2017-11-27 16:19:02,285 INFO  [Log] **************************************************************************************** 
2017-11-27 16:19:02,285 INFO  [Log] **************************************************************************************** 
2017-11-27 16:19:04,941 INFO  [Log] Abre o browser Chrome 
2017-11-27 16:19:21,448 INFO  [Log] Acessa a URL http://hml2.autoline.com.br 
2017-11-27 16:20:29,640 INFO  [Log] **************************************************************************************** 
2017-11-27 16:20:29,641 INFO  [Log] **************************************************************************************** 
2017-11-27 16:20:29,641 INFO  [Log] $$$$$$$$$$$$$$$$$$$$$                 TC_0002       $$$$$$$$$$$$$$$$$$$$$$$$$ 
2017-11-27 16:20:29,641 INFO  [Log] **************************************************************************************** 
2017-11-27 16:20:29,641 INFO  [Log] **************************************************************************************** 
2017-11-27 16:20:32,215 INFO  [Log] Abre o browser Chrome 
2017-11-27 16:20:49,518 INFO  [Log] Acessa a URL http://hml2.autoline.com.br 
2017-11-27 16:20:57,896 INFO  [Log] Clica no elemento Tela000_btn_Login e aguarda alguns segundos 
2017-11-27 16:20:59,165 INFO  [Log] Informa o texto autolineteste1@gmail.com no campo Tela001_txt_E-mail_CPF 
2017-11-27 16:21:00,373 INFO  [Log] Informa o texto scopus2017 no campo Tela001_txt_Senha 
2017-11-27 16:21:07,792 INFO  [Log] Clica no elemento Tela001_btn_Entrar e aguarda alguns segundos 
2017-11-27 16:21:10,896 INFO  [Log] Clica no elemento Tela004_btn_Usuario e aguarda alguns segundos 
